# JRE version: Java(TM) SE Runtime Environment (8.0_251-b08) (build 1.8.0_251-b08)
# Java VM: Java HotSpot(TM) 64-Bit Server VM (25.251-b08 mixed mode windows-amd64 compressed oops)
Heap:
 PSYoungGen      total 77824K, used 12327K [0x00000000d6000000, 0x00000000dff80000, 0x0000000100000000)
  eden space 61440K, 20% used [0x00000000d6000000,0x00000000d6c09f58,0x00000000d9c00000)
  from space 16384K, 0% used [0x00000000db780000,0x00000000db780000,0x00000000dc780000)
  to   space 28160K, 0% used [0x00000000d9c00000,0x00000000d9c00000,0x00000000db780000)
 ParOldGen       total 64000K, used 36473K [0x0000000082000000, 0x0000000085e80000, 0x00000000d6000000)
  object space 64000K, 56% used [0x0000000082000000,0x000000008439e488,0x0000000085e80000)
 Metaspace       used 25791K, capacity 27036K, committed 27264K, reserved 1073152K
  class space    used 3356K, capacity 3658K, committed 3712K, reserved 1048576K
GC Heap History (10 events):
Event: 50.778 GC heap before
{Heap before GC invocations=8 (full 1):
 PSYoungGen      total 49152K, used 49088K [0x00000000d6000000, 0x00000000daa00000, 0x0000000100000000)
  eden space 39936K, 100% used [0x00000000d6000000,0x00000000d8700000,0x00000000d8700000)
  from space 9216K, 99% used [0x00000000d9180000,0x00000000d9a70000,0x00000000d9a80000)
  to   space 10752K, 0% used [0x00000000d8700000,0x00000000d8700000,0x00000000d9180000)
 ParOldGen       total 64000K, used 23471K [0x0000000082000000, 0x0000000085e80000, 0x00000000d6000000)
  object space 64000K, 36% used [0x0000000082000000,0x00000000836ebed0,0x0000000085e80000)
 Metaspace       used 25600K, capacity 26876K, committed 27008K, reserved 1073152K
  class space    used 3345K, capacity 3626K, committed 3712K, reserved 1048576K
Event: 50.796 GC heap after
Heap after GC invocations=8 (full 1):
 PSYoungGen      total 50688K, used 10742K [0x00000000d6000000, 0x00000000dc780000, 0x0000000100000000)
  eden space 39936K, 0% used [0x00000000d6000000,0x00000000d6000000,0x00000000d8700000)
  from space 10752K, 99% used [0x00000000d8700000,0x00000000d917dba8,0x00000000d9180000)
  to   space 16384K, 0% used [0x00000000db780000,0x00000000db780000,0x00000000dc780000)
 ParOldGen       total 64000K, used 30731K [0x0000000082000000, 0x0000000085e80000, 0x00000000d6000000)
  object space 64000K, 48% used [0x0000000082000000,0x0000000083e02c60,0x0000000085e80000)
 Metaspace       used 25600K, capacity 26876K, committed 27008K, reserved 1073152K
  class space    used 3345K, capacity 3626K, committed 3712K, reserved 1048576K
}
Event: 50.851 GC heap before
{Heap before GC invocations=9 (full 1):
 PSYoungGen      total 50688K, used 50678K [0x00000000d6000000, 0x00000000dc780000, 0x0000000100000000)
  eden space 39936K, 100% used [0x00000000d6000000,0x00000000d8700000,0x00000000d8700000)
  from space 10752K, 99% used [0x00000000d8700000,0x00000000d917dba8,0x00000000d9180000)
  to   space 16384K, 0% used [0x00000000db780000,0x00000000db780000,0x00000000dc780000)
 ParOldGen       total 64000K, used 30731K [0x0000000082000000, 0x0000000085e80000, 0x00000000d6000000)
  object space 64000K, 48% used [0x0000000082000000,0x0000000083e02c60,0x0000000085e80000)
 Metaspace       used 25600K, capacity 26876K, committed 27008K, reserved 1073152K
  class space    used 3345K, capacity 3626K, committed 3712K, reserved 1048576K
Event: 50.875 GC heap after
Heap after GC invocations=9 (full 1):
 PSYoungGen      total 85504K, used 16379K [0x00000000d6000000, 0x00000000dd300000, 0x0000000100000000)
  eden space 69120K, 0% used [0x00000000d6000000,0x00000000d6000000,0x00000000da380000)
  from space 16384K, 99% used [0x00000000db780000,0x00000000dc77ee18,0x00000000dc780000)
  to   space 20480K, 0% used [0x00000000da380000,0x00000000da380000,0x00000000db780000)
 ParOldGen       total 64000K, used 34261K [0x0000000082000000, 0x0000000085e80000, 0x00000000d6000000)
  object space 64000K, 53% used [0x0000000082000000,0x0000000084175400,0x0000000085e80000)
 Metaspace       used 25600K, capacity 26876K, committed 27008K, reserved 1073152K
  class space    used 3345K, capacity 3626K, committed 3712K, reserved 1048576K
}
Event: 51.091 GC heap before
{Heap before GC invocations=10 (full 1):
 PSYoungGen      total 85504K, used 85499K [0x00000000d6000000, 0x00000000dd300000, 0x0000000100000000)
  eden space 69120K, 100% used [0x00000000d6000000,0x00000000da380000,0x00000000da380000)
  from space 16384K, 99% used [0x00000000db780000,0x00000000dc77ee18,0x00000000dc780000)
  to   space 20480K, 0% used [0x00000000da380000,0x00000000da380000,0x00000000db780000)
 ParOldGen       total 64000K, used 34261K [0x0000000082000000, 0x0000000085e80000, 0x00000000d6000000)
  object space 64000K, 53% used [0x0000000082000000,0x0000000084175400,0x0000000085e80000)
 Metaspace       used 25666K, capacity 26972K, committed 27264K, reserved 1073152K
  class space    used 3353K, capacity 3658K, committed 3712K, reserved 1048576K
Event: 51.154 GC heap after
Heap after GC invocations=10 (full 1):
 PSYoungGen      total 89600K, used 20473K [0x00000000d6000000, 0x00000000dd300000, 0x0000000100000000)
  eden space 69120K, 0% used [0x00000000d6000000,0x00000000d6000000,0x00000000da380000)
  from space 20480K, 99% used [0x00000000da380000,0x00000000db77e540,0x00000000db780000)
  to   space 16384K, 0% used [0x00000000db780000,0x00000000db780000,0x00000000dc780000)
 ParOldGen       total 64000K, used 47189K [0x0000000082000000, 0x0000000085e80000, 0x00000000d6000000)
  object space 64000K, 73% used [0x0000000082000000,0x0000000084e15420,0x0000000085e80000)
 Metaspace       used 25666K, capacity 26972K, committed 27264K, reserved 1073152K
  class space    used 3353K, capacity 3658K, committed 3712K, reserved 1048576K
}
Event: 51.711 GC heap before
{Heap before GC invocations=11 (full 1):
 PSYoungGen      total 89600K, used 89593K [0x00000000d6000000, 0x00000000dd300000, 0x0000000100000000)
  eden space 69120K, 100% used [0x00000000d6000000,0x00000000da380000,0x00000000da380000)
  from space 20480K, 99% used [0x00000000da380000,0x00000000db77e540,0x00000000db780000)
  to   space 16384K, 0% used [0x00000000db780000,0x00000000db780000,0x00000000dc780000)
 ParOldGen       total 64000K, used 47189K [0x0000000082000000, 0x0000000085e80000, 0x00000000d6000000)
  object space 64000K, 73% used [0x0000000082000000,0x0000000084e15420,0x0000000085e80000)
 Metaspace       used 25667K, capacity 26972K, committed 27264K, reserved 1073152K
  class space    used 3353K, capacity 3658K, committed 3712K, reserved 1048576K
Event: 51.732 GC heap after
Heap after GC invocations=11 (full 1):
 PSYoungGen      total 77824K, used 13408K [0x00000000d6000000, 0x00000000dff80000, 0x0000000100000000)
  eden space 61440K, 0% used [0x00000000d6000000,0x00000000d6000000,0x00000000d9c00000)
  from space 16384K, 81% used [0x00000000db780000,0x00000000dc498010,0x00000000dc780000)
  to   space 28160K, 0% used [0x00000000d9c00000,0x00000000d9c00000,0x00000000db780000)
 ParOldGen       total 64000K, used 52253K [0x0000000082000000, 0x0000000085e80000, 0x00000000d6000000)
  object space 64000K, 81% used [0x0000000082000000,0x0000000085307510,0x0000000085e80000)
 Metaspace       used 25667K, capacity 26972K, committed 27264K, reserved 1073152K
  class space    used 3353K, capacity 3658K, committed 3712K, reserved 1048576K
}
Event: 51.732 GC heap before
{Heap before GC invocations=12 (full 2):
 PSYoungGen      total 77824K, used 13408K [0x00000000d6000000, 0x00000000dff80000, 0x0000000100000000)
  eden space 61440K, 0% used [0x00000000d6000000,0x00000000d6000000,0x00000000d9c00000)
  from space 16384K, 81% used [0x00000000db780000,0x00000000dc498010,0x00000000dc780000)
  to   space 28160K, 0% used [0x00000000d9c00000,0x00000000d9c00000,0x00000000db780000)
 ParOldGen       total 64000K, used 52253K [0x0000000082000000, 0x0000000085e80000, 0x00000000d6000000)
  object space 64000K, 81% used [0x0000000082000000,0x0000000085307510,0x0000000085e80000)
 Metaspace       used 25667K, capacity 26972K, committed 27264K, reserved 1073152K
  class space    used 3353K, capacity 3658K, committed 3712K, reserved 1048576K
Event: 51.800 GC heap after
Heap after GC invocations=12 (full 2):
 PSYoungGen      total 77824K, used 0K [0x00000000d6000000, 0x00000000dff80000, 0x0000000100000000)
  eden space 61440K, 0% used [0x00000000d6000000,0x00000000d6000000,0x00000000d9c00000)
  from space 16384K, 0% used [0x00000000db780000,0x00000000db780000,0x00000000dc780000)
  to   space 28160K, 0% used [0x00000000d9c00000,0x00000000d9c00000,0x00000000db780000)
 ParOldGen       total 64000K, used 36473K [0x0000000082000000, 0x0000000085e80000, 0x00000000d6000000)
  object space 64000K, 56% used [0x0000000082000000,0x000000008439e488,0x0000000085e80000)
 Metaspace       used 25667K, capacity 26972K, committed 27264K, reserved 1073152K
  class space    used 3353K, capacity 3658K, committed 3712K, reserved 1048576K
}

